<?xml version="1.0" encoding="UTF-8"?>
<!-- Generated by org.testng.reporters.JUnitReportReporter -->
<testsuite skipped="0" hostname="DESKTOP-NBQPCTP" name="com.crm.contactTest.CreateContactTest" tests="2" failures="0" timestamp="2021-03-11T16:07:06 IST" time="0.031" errors="0">
  <testcase name="createContact" time="0.025" classname="com.crm.contactTest.CreateContactTest"/>
  <system-out/>
  <testcase name="createContactwithIndustry" time="0.006" classname="com.crm.contactTest.CreateContactTest"/>
  <system-out/>
</testsuite> <!-- com.crm.contactTest.CreateContactTest -->
